ISim log file
Running: C:\Xilinx\Projects\RegisterFile\RegFile32_Tester_isim_beh.exe -intstyle ise -gui -tclbatch isim.cmd -wdb C:/Xilinx/Projects/RegisterFile/RegFile32_Tester_isim_beh.wdb 
ISim P.20131013 (signature 0x7708f090)
----------------------------------------------------------------------
INFO:Security:61 - The XILINXD_LICENSE_FILE environment variable is not set.
INFO:Security:63 - The LM_LICENSE_FILE environment variable is not set.
INFO:Security:68 - For more information or for assistance in obtaining 
 a license, please run the Xilinx License Configuration Manager
       (xlcm or "Manage Xilinx Licenses".)
INFO:Security:68a - user is Ronnie, on host RONNIE-PC.
ERROR:Security:14 - No feature was available for 'ISIM'.

No such feature exists.
Feature:       ISIM
License path:  C:/.Xilinx\Xilinx.lic;C:\Xilinx\14.7\ISE_DS\ISE\/coregen/core_licenses\Xilinx.lic;C:\Xilinx\14.7\ISE_DS\ISE\/coregen/core_licenses\XilinxFree.lic;C:\Xilinx\14.7\ISE_DS\EDK/data/core_licenses\Xilinx.lic;
FLEXnet Licensing error:-5,357
For further information, refer to the FLEXnet Licensing documentation,
available at "www.flexerasoftware.com".
----------------------------------------------------------------------
WARNING: A full ISim License cannot be checked out due to the issues listed above. Please use Xilinx License Configuration Manager to fix these issues in order to check out a full ISim license.
WARNING: ISim will run in Lite mode. Please refer to the ISim documentation for more information on the differences between the Lite and the Full version.
This is a Lite version of ISim.
Time resolution is 1 ps
# onerror resume
# wave add /
# run 1000 ns
Simulator is doing circuit initialization process.
Finished circuit initialization process.
Writing to registers
------------------------------------
$ 0 <-0x12153524
$ 1 <-0xc0895e81
$ 2 <-0x8484d609
$ 3 <-0xb1f05663
$ 4 <-0x06b97b0d
$ 5 <-0x46df998d
$ 6 <-0xb2c28465
$ 7 <-0x89375212
$ 8 <-0x00f3e301
$ 9 <-0x06d7cd0d
$10 <-0x3b23f176
$11 <-0x1e8dcd3d
$12 <-0x76d457ed
$13 <-0x462df78c
$14 <-0x7cfde9f9
$15 <-0xe33724c6
$16 <-0xe2f784c5
$17 <-0xd513d2aa
$18 <-0x72aff7e5
$19 <-0xbbd27277
$20 <-0x8932d612
$21 <-0x47ecdb8f
$22 <-0x793069f2
$23 <-0xe77696ce
$24 <-0xf4007ae8
$25 <-0xe2ca4ec5
$26 <-0x2e58495c
$27 <-0xde8e28bd
$28 <-0x96ab582d
$29 <-0xb2a72665
$30 <-0xb1ef6263
$31 <-0x0573870a
Reading data from the registers
------------------------------------
$ 0 = 0x00000000
$ 1 = 0xc0895e81
$ 2 = 0x8484d609
$ 3 = 0xb1f05663
$ 4 = 0x06b97b0d
$ 5 = 0x46df998d
$ 6 = 0xb2c28465
$ 7 = 0x89375212
$ 8 = 0x00f3e301
$ 9 = 0x06d7cd0d
$10 = 0x3b23f176
$11 = 0x1e8dcd3d
$12 = 0x76d457ed
$13 = 0x462df78c
$14 = 0x7cfde9f9
$15 = 0xe33724c6
$16 = 0xe2f784c5
$17 = 0xd513d2aa
$18 = 0x72aff7e5
$19 = 0xbbd27277
$20 = 0x8932d612
$21 = 0x47ecdb8f
$22 = 0x793069f2
$23 = 0xe77696ce
$24 = 0xf4007ae8
$25 = 0xe2ca4ec5
$26 = 0x2e58495c
$27 = 0xde8e28bd
$28 = 0x96ab582d
$29 = 0xb2a72665
$30 = 0xb1ef6263
$31 = 0x0573870a
Stopped at time : 335 ns(32) :  in File "C:/Xilinx/Projects/RegisterFile/RegFileTester.v" Line 70 
